0 verbose cli [
0 verbose cli   '/usr/local/nvm/versions/node/v12.14.1/bin/node',
0 verbose cli   '/usr/local/nvm/versions/node/v12.14.1/bin/npm',
0 verbose cli   'install',
0 verbose cli   '--ignore-scripts',
0 verbose cli   'types-registry@latest'
0 verbose cli ]
1 info using npm@8.5.0
2 info using node@v12.14.1
3 timing npm:load:whichnode Completed in 0ms
4 timing config:load:defaults Completed in 7ms
5 timing config:load:file:/usr/local/nvm/versions/node/v12.14.1/lib/node_modules/npm/npmrc Completed in 17ms
6 timing config:load:builtin Completed in 17ms
7 timing config:load:cli Completed in 31ms
8 timing config:load:env Completed in 11ms
9 timing config:load:file:/home/abhishek_anand/.cache/typescript/3.8/.npmrc Completed in 0ms
10 timing config:load:project Completed in 7ms
11 timing config:load:file:/home/abhishek_anand/.npmrc Completed in 1ms
12 timing config:load:user Completed in 2ms
13 timing config:load:file:/usr/local/nvm/versions/node/v12.14.1/etc/npmrc Completed in 0ms
14 timing config:load:global Completed in 1ms
15 timing config:load:validate Completed in 7ms
16 timing config:load:credentials Completed in 23ms
17 timing config:load:setEnvs Completed in 8ms
18 timing config:load Completed in 126ms
19 timing npm:load:configload Completed in 126ms
20 timing npm:load:setTitle Completed in 1ms
21 timing config:load:flatten Completed in 20ms
22 timing npm:load:display Completed in 21ms
23 verbose logfile /home/abhishek_anand/.npm/_logs/2022-03-08T12_41_05_524Z-debug-0.log
24 timing npm:load:logFile Completed in 41ms
25 timing npm:load:timers Completed in 0ms
26 timing npm:load:configScope Completed in 0ms
27 timing npm:load Completed in 206ms
28 timing arborist:ctor Completed in 2ms
29 timing arborist:ctor Completed in 0ms
30 timing idealTree:init Completed in 44ms
31 http fetch GET 200 https://registry.yarnpkg.com/types-registry 474ms (cache miss)
32 timing idealTree:userRequests Completed in 501ms
33 silly idealTree buildDeps
34 silly fetch manifest types-registry@0.1.582
35 silly placeDep ROOT types-registry@0.1.582 OK for:  want: 0.1.582
36 timing idealTree:#root Completed in 20ms
37 timing idealTree:node_modules/types-registry Completed in 0ms
38 timing idealTree:buildDeps Completed in 25ms
39 timing idealTree:fixDepFlags Completed in 0ms
40 timing idealTree Completed in 574ms
41 timing reify:loadTrees Completed in 575ms
42 timing reify:diffTrees Completed in 1ms
43 silly reify moves {}
44 timing reify:retireShallow Completed in 1ms
45 timing reify:createSparse Completed in 10ms
46 timing reify:loadBundles Completed in 0ms
47 silly audit bulk request { 'types-registry': [ '0.1.582' ] }
48 silly audit bulk request failed undefined
49 verbose audit error FetchError: request to https://registry.yarnpkg.com/-/npm/v1/security/audits/quick failed, reason: read ECONNRESET
49 verbose audit error     at ClientRequest.<anonymous> (/usr/local/nvm/versions/node/v12.14.1/lib/node_modules/npm/node_modules/minipass-fetch/lib/index.js:110:14)
49 verbose audit error     at ClientRequest.emit (events.js:223:5)
49 verbose audit error     at TLSSocket.socketErrorListener (_http_client.js:406:9)
49 verbose audit error     at TLSSocket.emit (events.js:228:7)
49 verbose audit error     at emitErrorNT (internal/streams/destroy.js:92:8)
49 verbose audit error     at emitErrorAndCloseNT (internal/streams/destroy.js:60:3)
49 verbose audit error     at processTicksAndRejections (internal/process/task_queues.js:81:21) {
49 verbose audit error   code: 'ECONNRESET',
49 verbose audit error   errno: 'ECONNRESET',
49 verbose audit error   syscall: 'read',
49 verbose audit error   type: 'system'
49 verbose audit error }
50 silly audit error undefined
51 timing auditReport:getReport Completed in 115ms
52 silly audit report null
53 timing reify:audit Completed in 115ms
54 silly tarball no local data for types-registry@https://registry.yarnpkg.com/types-registry/-/types-registry-0.1.582.tgz. Extracting by manifest.
55 http fetch GET 200 https://registry.yarnpkg.com/types-registry/-/types-registry-0.1.582.tgz 268ms (cache miss)
56 timing reifyNode:node_modules/types-registry Completed in 392ms
57 timing reify:unpack Completed in 392ms
58 timing reify:unretire Completed in 0ms
59 timing build:queue Completed in 3ms
60 timing build:deps Completed in 3ms
61 timing build Completed in 3ms
62 timing reify:build Completed in 4ms
63 timing reify:trash Completed in 0ms
64 timing reify:save Completed in 15ms
65 timing reify Completed in 1163ms
66 silly ADD node_modules/types-registry
67 timing command:install Completed in 1171ms
68 notice
68 notice New patch version of npm available! 8.5.0 -> 8.5.3
68 notice Changelog: <https://github.com/npm/cli/releases/tag/v8.5.3>
68 notice Run `npm install -g npm@8.5.3` to update!
68 notice
69 verbose exit 0
70 timing npm Completed in 2549ms
71 info ok
