0 verbose cli [
0 verbose cli   '/usr/local/nvm/versions/node/v12.14.1/bin/node',
0 verbose cli   '/usr/local/nvm/versions/node/v12.14.1/bin/npm',
0 verbose cli   'install',
0 verbose cli   '--ignore-scripts',
0 verbose cli   '@types/server-destroy@ts3.8',
0 verbose cli   '@types/chai@ts3.8',
0 verbose cli   '@types/mocha@ts3.8',
0 verbose cli   '--save-dev',
0 verbose cli   '--user-agent=typesInstaller/3.8.3'
0 verbose cli ]
1 info using npm@8.5.0
2 info using node@v12.14.1
3 timing npm:load:whichnode Completed in 1ms
4 timing config:load:defaults Completed in 3ms
5 timing config:load:file:/usr/local/nvm/versions/node/v12.14.1/lib/node_modules/npm/npmrc Completed in 2ms
6 timing config:load:builtin Completed in 2ms
7 timing config:load:cli Completed in 8ms
8 timing config:load:env Completed in 2ms
9 timing config:load:file:/home/abhishek_anand/.cache/typescript/3.8/.npmrc Completed in 1ms
10 timing config:load:project Completed in 3ms
11 timing config:load:file:/home/abhishek_anand/.npmrc Completed in 0ms
12 timing config:load:user Completed in 0ms
13 timing config:load:file:/usr/local/nvm/versions/node/v12.14.1/etc/npmrc Completed in 0ms
14 timing config:load:global Completed in 1ms
15 timing config:load:validate Completed in 2ms
16 timing config:load:credentials Completed in 1ms
17 timing config:load:setEnvs Completed in 1ms
18 timing config:load Completed in 24ms
19 timing npm:load:configload Completed in 24ms
20 timing npm:load:setTitle Completed in 1ms
21 timing config:load:flatten Completed in 4ms
22 timing npm:load:display Completed in 5ms
23 verbose logfile /home/abhishek_anand/.npm/_logs/2022-03-08T12_41_11_776Z-debug-0.log
24 timing npm:load:logFile Completed in 7ms
25 timing npm:load:timers Completed in 0ms
26 timing npm:load:configScope Completed in 0ms
27 timing npm:load Completed in 39ms
28 timing arborist:ctor Completed in 1ms
29 timing idealTree:init Completed in 12ms
30 timing arborist:ctor Completed in 0ms
31 http fetch GET 200 https://registry.yarnpkg.com/@types%2fmocha 99ms (cache miss)
32 http fetch GET 200 https://registry.yarnpkg.com/@types%2fchai 102ms (cache miss)
33 http fetch GET 200 https://registry.yarnpkg.com/@types%2fserver-destroy 1773ms (cache miss)
34 timing idealTree:userRequests Completed in 1778ms
35 silly idealTree buildDeps
36 silly fetch manifest @types/server-destroy@1.0.1
37 silly fetch manifest @types/chai@4.3.0
38 silly fetch manifest @types/mocha@9.1.0
39 silly placeDep ROOT @types/chai@4.3.0 OK for:  want: 4.3.0
40 silly placeDep ROOT @types/mocha@9.1.0 OK for:  want: 9.1.0
41 silly placeDep ROOT @types/server-destroy@1.0.1 OK for:  want: 1.0.1
42 silly fetch manifest @types/node@*
43 http fetch GET 200 https://registry.yarnpkg.com/@types%2fnode 120ms (cache miss)
44 timing idealTree:#root Completed in 141ms
45 timing idealTree:node_modules/@types/chai Completed in 0ms
46 timing idealTree:node_modules/@types/mocha Completed in 0ms
47 silly placeDep ROOT @types/node@17.0.21 OK for: @types/server-destroy@1.0.1 want: *
48 timing idealTree:node_modules/@types/server-destroy Completed in 3ms
49 timing idealTree:node_modules/@types/node Completed in 0ms
50 timing idealTree:buildDeps Completed in 146ms
51 timing idealTree:fixDepFlags Completed in 1ms
52 timing idealTree Completed in 1938ms
53 timing reify:loadTrees Completed in 1939ms
54 timing reify:diffTrees Completed in 2ms
55 silly reify moves {}
56 timing reify:retireShallow Completed in 0ms
57 timing reify:createSparse Completed in 2ms
58 timing reify:loadBundles Completed in 0ms
59 silly audit bulk request {
59 silly audit   'types-registry': [ '0.1.582' ],
59 silly audit   '@types/chai': [ '4.3.0' ],
59 silly audit   '@types/mocha': [ '9.1.0' ],
59 silly audit   '@types/server-destroy': [ '1.0.1' ],
59 silly audit   '@types/node': [ '17.0.21' ]
59 silly audit }
60 silly tarball no local data for @types/node@https://registry.yarnpkg.com/@types/node/-/node-17.0.21.tgz. Extracting by manifest.
61 silly tarball no local data for @types/server-destroy@https://registry.yarnpkg.com/@types/server-destroy/-/server-destroy-1.0.1.tgz. Extracting by manifest.
62 silly tarball no local data for @types/mocha@https://registry.yarnpkg.com/@types/mocha/-/mocha-9.1.0.tgz. Extracting by manifest.
63 silly tarball no local data for @types/chai@https://registry.yarnpkg.com/@types/chai/-/chai-4.3.0.tgz. Extracting by manifest.
64 http fetch GET 200 https://registry.yarnpkg.com/@types/node/-/node-17.0.21.tgz 129ms (cache miss)
65 timing reifyNode:node_modules/@types/node Completed in 140ms
66 http fetch POST 200 https://registry.yarnpkg.com/-/npm/v1/security/advisories/bulk 287ms
67 timing auditReport:getReport Completed in 290ms
68 silly audit report {}
69 timing auditReport:init Completed in 0ms
70 timing reify:audit Completed in 290ms
71 http fetch GET 200 https://registry.yarnpkg.com/@types/chai/-/chai-4.3.0.tgz 888ms (cache miss)
72 timing reifyNode:node_modules/@types/chai Completed in 903ms
73 http fetch GET 200 https://registry.yarnpkg.com/@types/mocha/-/mocha-9.1.0.tgz 897ms (cache miss)
74 timing reifyNode:node_modules/@types/mocha Completed in 911ms
75 http fetch GET 200 https://registry.yarnpkg.com/@types/server-destroy/-/server-destroy-1.0.1.tgz 944ms (cache miss)
76 timing reifyNode:node_modules/@types/server-destroy Completed in 956ms
77 timing reify:unpack Completed in 957ms
78 timing reify:unretire Completed in 0ms
79 timing build:queue Completed in 0ms
80 timing build:deps Completed in 0ms
81 timing build Completed in 1ms
82 timing reify:build Completed in 2ms
83 timing reify:trash Completed in 0ms
84 timing reify:save Completed in 8ms
85 timing reify Completed in 2941ms
86 silly ADD node_modules/@types/node
87 silly ADD node_modules/@types/server-destroy
88 silly ADD node_modules/@types/mocha
89 silly ADD node_modules/@types/chai
90 timing command:install Completed in 2948ms
91 verbose exit 0
92 timing npm Completed in 3278ms
93 info ok
